DEBUG 2020-11-23 09:53:36.800 UTC: 	 CRAB Client version: v3.201110
DEBUG 2020-11-23 09:53:36.800 UTC: 	 Running on: Linux lxplus7112.cern.ch 3.10.0-1127.19.1.el7.x86_64 #1 SMP Tue Aug 25 17:23:54 UTC 2020 x86_64 x86_64 x86_64 GNU/Linux - CentOS Linux 7 (Core)
DEBUG 2020-11-23 09:53:36.800 UTC: 	 Executing command: 'resubmit'
DEBUG 2020-11-23 09:53:36.800 UTC: 	 Found CRAB cache file /afs/cern.ch/user/j/jthomasw/.crab3
DEBUG 2020-11-23 09:53:36.817 UTC: 	 CRAB Client version: v3.201110
DEBUG 2020-11-23 09:53:36.817 UTC: 	 Running on: Linux lxplus7112.cern.ch 3.10.0-1127.19.1.el7.x86_64 #1 SMP Tue Aug 25 17:23:54 UTC 2020 x86_64 x86_64 x86_64 GNU/Linux - CentOS Linux 7 (Core)
DEBUG 2020-11-23 09:53:36.817 UTC: 	 Executing command: 'resubmit'
DEBUG 2020-11-23 09:53:36.818 UTC: 	 Found CRAB cache file /afs/cern.ch/user/j/jthomasw/.crab3
DEBUG 2020-11-23 09:53:44.873 UTC: 	 CRAB Client version: v3.201110
DEBUG 2020-11-23 09:53:44.874 UTC: 	 Running on: Linux lxplus7112.cern.ch 3.10.0-1127.19.1.el7.x86_64 #1 SMP Tue Aug 25 17:23:54 UTC 2020 x86_64 x86_64 x86_64 GNU/Linux - CentOS Linux 7 (Core)
DEBUG 2020-11-23 09:53:44.874 UTC: 	 Executing command: 'resubmit'
DEBUG 2020-11-23 09:53:44.874 UTC: 	 Found CRAB cache file /afs/cern.ch/user/j/jthomasw/.crab3
DEBUG 2020-11-23 09:53:44.887 UTC: 	 CRAB Client version: v3.201110
DEBUG 2020-11-23 09:53:44.888 UTC: 	 Running on: Linux lxplus7112.cern.ch 3.10.0-1127.19.1.el7.x86_64 #1 SMP Tue Aug 25 17:23:54 UTC 2020 x86_64 x86_64 x86_64 GNU/Linux - CentOS Linux 7 (Core)
DEBUG 2020-11-23 09:53:44.888 UTC: 	 Executing command: 'resubmit'
DEBUG 2020-11-23 09:53:44.888 UTC: 	 Found CRAB cache file /afs/cern.ch/user/j/jthomasw/.crab3
DEBUG 2020-11-23 09:53:54.387 UTC: 	 CRAB Client version: v3.201110
DEBUG 2020-11-23 09:53:54.387 UTC: 	 Running on: Linux lxplus7112.cern.ch 3.10.0-1127.19.1.el7.x86_64 #1 SMP Tue Aug 25 17:23:54 UTC 2020 x86_64 x86_64 x86_64 GNU/Linux - CentOS Linux 7 (Core)
DEBUG 2020-11-23 09:53:54.387 UTC: 	 Executing command: 'resubmit'
DEBUG 2020-11-23 09:53:54.387 UTC: 	 Found CRAB cache file /afs/cern.ch/user/j/jthomasw/.crab3
DEBUG 2020-11-23 09:53:54.401 UTC: 	 CRAB Client version: v3.201110
DEBUG 2020-11-23 09:53:54.402 UTC: 	 Running on: Linux lxplus7112.cern.ch 3.10.0-1127.19.1.el7.x86_64 #1 SMP Tue Aug 25 17:23:54 UTC 2020 x86_64 x86_64 x86_64 GNU/Linux - CentOS Linux 7 (Core)
DEBUG 2020-11-23 09:53:54.402 UTC: 	 Executing command: 'resubmit'
DEBUG 2020-11-23 09:53:54.402 UTC: 	 Found CRAB cache file /afs/cern.ch/user/j/jthomasw/.crab3
DEBUG 2020-11-23 09:54:02.247 UTC: 	 CRAB Client version: v3.201110
DEBUG 2020-11-23 09:54:02.247 UTC: 	 Running on: Linux lxplus7112.cern.ch 3.10.0-1127.19.1.el7.x86_64 #1 SMP Tue Aug 25 17:23:54 UTC 2020 x86_64 x86_64 x86_64 GNU/Linux - CentOS Linux 7 (Core)
DEBUG 2020-11-23 09:54:02.247 UTC: 	 Executing command: 'resubmit'
DEBUG 2020-11-23 09:54:02.247 UTC: 	 Found CRAB cache file /afs/cern.ch/user/j/jthomasw/.crab3
DEBUG 2020-11-23 09:54:02.261 UTC: 	 CRAB Client version: v3.201110
DEBUG 2020-11-23 09:54:02.261 UTC: 	 Running on: Linux lxplus7112.cern.ch 3.10.0-1127.19.1.el7.x86_64 #1 SMP Tue Aug 25 17:23:54 UTC 2020 x86_64 x86_64 x86_64 GNU/Linux - CentOS Linux 7 (Core)
DEBUG 2020-11-23 09:54:02.261 UTC: 	 Executing command: 'resubmit'
DEBUG 2020-11-23 09:54:02.261 UTC: 	 Found CRAB cache file /afs/cern.ch/user/j/jthomasw/.crab3
DEBUG 2020-11-27 13:27:59.128 UTC: 	 CRAB Client version: v3.201110
DEBUG 2020-11-27 13:27:59.129 UTC: 	 Running on: Linux lxplus752.cern.ch 3.10.0-1160.2.2.el7.x86_64 #1 SMP Tue Oct 20 16:53:08 UTC 2020 x86_64 x86_64 x86_64 GNU/Linux - CentOS Linux 7 (Core)
DEBUG 2020-11-27 13:27:59.129 UTC: 	 Executing command: 'remake'
DEBUG 2020-11-27 13:27:59.129 UTC: 	 Found CRAB cache file /afs/cern.ch/user/j/jthomasw/.crab3
DEBUG 2020-11-27 13:27:59.137 UTC: 	 Checking credentials
DEBUG 2020-11-27 13:27:59.137 UTC: 	 Found proxy file /tmp/x509up_u28880
DEBUG 2020-11-27 13:27:59.137 UTC: 	 Getting proxy life time left
ERROR 2020-11-27 13:27:59.448 UTC: 	 Keyboard Interrupted
INFO 2020-11-27 13:27:59.563 UTC: 	 Log file is /afs/cern.ch/work/j/jthomasw/private/IHEP/BTV/CMSSW/UL18/CMSSW_10_6_12/src/RecoBTag/PerformanceMeasurements/test/TTbarCalib/scripts/crab.log
DEBUG 2020-11-27 13:28:05.728 UTC: 	 CRAB Client version: v3.201110
DEBUG 2020-11-27 13:28:05.728 UTC: 	 Running on: Linux lxplus752.cern.ch 3.10.0-1160.2.2.el7.x86_64 #1 SMP Tue Oct 20 16:53:08 UTC 2020 x86_64 x86_64 x86_64 GNU/Linux - CentOS Linux 7 (Core)
DEBUG 2020-11-27 13:28:05.728 UTC: 	 Executing command: 'remake'
DEBUG 2020-11-27 13:28:05.729 UTC: 	 Found CRAB cache file /afs/cern.ch/user/j/jthomasw/.crab3
DEBUG 2020-11-27 13:28:27.240 UTC: 	 CRAB Client version: v3.201110
DEBUG 2020-11-27 13:28:27.240 UTC: 	 Running on: Linux lxplus752.cern.ch 3.10.0-1160.2.2.el7.x86_64 #1 SMP Tue Oct 20 16:53:08 UTC 2020 x86_64 x86_64 x86_64 GNU/Linux - CentOS Linux 7 (Core)
DEBUG 2020-11-27 13:28:27.240 UTC: 	 Executing command: 'remake'
DEBUG 2020-11-27 13:28:27.240 UTC: 	 Found CRAB cache file /afs/cern.ch/user/j/jthomasw/.crab3
WARNING 2020-11-27 13:28:27.241 UTC: 	 Warning: 'crab remake' command takes no arguments, 1 given. Ignoring arguments ['../grid/crab_MC13TeV_TTJets_SL_testing/'].
DEBUG 2020-11-27 13:28:27.248 UTC: 	 Checking credentials
DEBUG 2020-11-27 13:28:27.248 UTC: 	 Found proxy file /tmp/x509up_u28880
DEBUG 2020-11-27 13:28:27.248 UTC: 	 Getting proxy life time left
DEBUG 2020-11-27 13:28:27.855 UTC: 	 Executing : 
 command : voms-proxy-info -file /tmp/x509up_u28880 -timeleft
 output : 603939

 error: 
 retcode : 0
DEBUG 2020-11-27 13:28:28.465 UTC: 	 Executing : 
 command : voms-proxy-info -file /tmp/x509up_u28880 -actimeleft
 output : 603938

 error: 
 retcode : 0
DEBUG 2020-11-27 13:28:28.465 UTC: 	 Proxy lifetime 603939 secs is different from voms extension lifetime 603938 secs for proxy: /tmp/x509up_u28880
DEBUG 2020-11-27 13:28:28.465 UTC: 	 Proxy valid for 167:45:38 hours
DEBUG 2020-11-27 13:28:28.542 UTC: 	 Registering user credentials for server /DC=ch/DC=cern/OU=computers/CN=vocms0105.cern.ch|/DC=ch/DC=cern/OU=computers/CN=crab-(preprod|prod|dev)-tw(02|01).cern.ch|/DC=ch/DC=cern/OU=computers/CN=(ddi|ddidk|mytw).cern.ch|/DC=ch/DC=cern/OU=computers/CN=stefanov(m|m2).cern.ch
DEBUG 2020-11-27 13:28:29.154 UTC: 	 Executing : 
 command : voms-proxy-info -file /tmp/x509up_u28880 -identity
 output : /DC=ch/DC=cern/OU=Organic Units/OU=Users/CN=jthomasw/CN=731584/CN=Joshuha Thomas-Wilsker

 error: 
 retcode : 0
DEBUG 2020-11-27 13:28:29.162 UTC: 	 Getting myproxy life time left for myproxy.cern.ch
DEBUG 2020-11-27 13:28:29.162 UTC: 	 using 83952765e3f460798b8fb57c97b4f2376dd410ac as credential login name
DEBUG 2020-11-27 13:28:29.366 UTC: 	 Executing : 
 command : myproxy-info -l 83952765e3f460798b8fb57c97b4f2376dd410ac -s myproxy.cern.ch
 output : username: 83952765e3f460798b8fb57c97b4f2376dd410ac
owner: /DC=ch/DC=cern/OU=Organic Units/OU=Users/CN=jthomasw/CN=731584/CN=Joshuha Thomas-Wilsker
  renewal policy: /DC=ch/DC=cern/OU=computers/CN=vocms0105.cern.ch|/DC=ch/DC=cern/OU=computers/CN=crab-(preprod|prod|dev)-tw(02|01).cern.ch|/DC=ch/DC=cern/OU=computers/CN=(ddi|ddidk|mytw).cern.ch|/DC=ch/DC=cern/OU=computers/CN=stefanov(m|m2).cern.ch
  trusted retrieval policy: /DC=ch/DC=cern/OU=computers/CN=vocms0105.cern.ch|/DC=ch/DC=cern/OU=computers/CN=crab-(preprod|prod|dev)-tw(02|01).cern.ch|/DC=ch/DC=cern/OU=computers/CN=(ddi|ddidk|mytw).cern.ch|/DC=ch/DC=cern/OU=computers/CN=stefanov(m|m2).cern.ch
  timeleft: 476:35:45  (19.9 days)

 error: 
 retcode : 0
DEBUG 2020-11-27 13:28:29.367 UTC: 	 Myproxy is valid: 1715745
DEBUG 2020-11-27 13:28:29.367 UTC: 	 Retrieving username ...
DEBUG 2020-11-27 13:28:29.367 UTC: 	 Retrieving username from CRIC...
DEBUG 2020-11-27 13:28:30.041 UTC: 	 username is jthomasw
DEBUG 2020-11-27 13:28:30.048 UTC: 	 Getting myproxy life time left for myproxy.cern.ch
DEBUG 2020-11-27 13:28:30.048 UTC: 	 using jthomasw_CRAB as credential login name
DEBUG 2020-11-27 13:28:30.252 UTC: 	 Executing : 
 command : myproxy-info -l jthomasw_CRAB -s myproxy.cern.ch
 output : username: jthomasw_CRAB
owner: /DC=ch/DC=cern/OU=Organic Units/OU=Users/CN=jthomasw/CN=731584/CN=Joshuha Thomas-Wilsker
  renewal policy: /DC=ch/DC=cern/OU=computers/CN=vocms0105.cern.ch|/DC=ch/DC=cern/OU=computers/CN=crab-(preprod|prod|dev)-tw(02|01).cern.ch|/DC=ch/DC=cern/OU=computers/CN=(ddi|ddidk|mytw).cern.ch|/DC=ch/DC=cern/OU=computers/CN=stefanov(m|m2).cern.ch
  trusted retrieval policy: /DC=ch/DC=cern/OU=computers/CN=vocms0105.cern.ch|/DC=ch/DC=cern/OU=computers/CN=crab-(preprod|prod|dev)-tw(02|01).cern.ch|/DC=ch/DC=cern/OU=computers/CN=(ddi|ddidk|mytw).cern.ch|/DC=ch/DC=cern/OU=computers/CN=stefanov(m|m2).cern.ch
  timeleft: 476:35:52  (19.9 days)

 error: 
 retcode : 0
DEBUG 2020-11-27 13:28:30.252 UTC: 	 Myproxy is valid: 1715752
DEBUG 2020-11-27 13:28:30.253 UTC: 	 Result of myproxy credential check:
  Credential exists on myproxy: username: 83952765e3f460798b8fb57c97b4f2376dd410ac  - validity: 19 days, 20:35:45
  Credential exists on myproxy: username: jthomasw_CRAB  - validity: 19 days, 20:35:52
ERROR 2020-11-27 13:28:30.253 UTC: 	 Error: Please specify the task name for which to remake a CRAB project directory. Use the --task option.
ERROR 2020-11-27 13:28:30.253 UTC: 	 Caught ClientException exception
Traceback (most recent call last):
  File "/cvmfs/cms.cern.ch/share/cms/crab-prod/v3.201110.00/bin/crab", line 165, in <module>
    client()
  File "/cvmfs/cms.cern.ch/share/cms/crab-prod/v3.201110.00/bin/crab", line 150, in __call__
    self.cmd = sub_cmd(self.logger, args[1:])
  File "/cvmfs/cms.cern.ch/share/cms/crab-prod/v3.201110.00/lib/CRABClient/Commands/SubCommand.py", line 368, in __init__
    self.validateOptions()
  File "/cvmfs/cms.cern.ch/share/cms/crab-prod/v3.201110.00/lib/CRABClient/Commands/remake.py", line 59, in validateOptions
    raise ex
MissingOptionException: [91mError[0m: Please specify the task name for which to remake a CRAB project directory. Use the --task option.
INFO 2020-11-27 13:28:30.259 UTC: 	 Log file is /afs/cern.ch/work/j/jthomasw/private/IHEP/BTV/CMSSW/UL18/CMSSW_10_6_12/src/RecoBTag/PerformanceMeasurements/test/TTbarCalib/scripts/crab.log
DEBUG 2020-11-27 13:29:44.226 UTC: 	 CRAB Client version: v3.201110
DEBUG 2020-11-27 13:29:44.226 UTC: 	 Running on: Linux lxplus752.cern.ch 3.10.0-1160.2.2.el7.x86_64 #1 SMP Tue Oct 20 16:53:08 UTC 2020 x86_64 x86_64 x86_64 GNU/Linux - CentOS Linux 7 (Core)
DEBUG 2020-11-27 13:29:44.226 UTC: 	 Executing command: 'remake'
DEBUG 2020-11-27 13:29:44.226 UTC: 	 Found CRAB cache file /afs/cern.ch/user/j/jthomasw/.crab3
DEBUG 2020-11-27 13:29:44.235 UTC: 	 Checking credentials
DEBUG 2020-11-27 13:29:44.235 UTC: 	 Found proxy file /tmp/x509up_u28880
DEBUG 2020-11-27 13:29:44.235 UTC: 	 Getting proxy life time left
DEBUG 2020-11-27 13:29:44.941 UTC: 	 Executing : 
 command : voms-proxy-info -file /tmp/x509up_u28880 -timeleft
 output : 603862

 error: 
 retcode : 0
DEBUG 2020-11-27 13:29:45.549 UTC: 	 Executing : 
 command : voms-proxy-info -file /tmp/x509up_u28880 -actimeleft
 output : 603861

 error: 
 retcode : 0
DEBUG 2020-11-27 13:29:45.550 UTC: 	 Proxy lifetime 603862 secs is different from voms extension lifetime 603861 secs for proxy: /tmp/x509up_u28880
DEBUG 2020-11-27 13:29:45.550 UTC: 	 Proxy valid for 167:44:21 hours
DEBUG 2020-11-27 13:29:45.634 UTC: 	 Registering user credentials for server /DC=ch/DC=cern/OU=computers/CN=vocms0105.cern.ch|/DC=ch/DC=cern/OU=computers/CN=crab-(preprod|prod|dev)-tw(02|01).cern.ch|/DC=ch/DC=cern/OU=computers/CN=(ddi|ddidk|mytw).cern.ch|/DC=ch/DC=cern/OU=computers/CN=stefanov(m|m2).cern.ch
DEBUG 2020-11-27 13:29:46.346 UTC: 	 Executing : 
 command : voms-proxy-info -file /tmp/x509up_u28880 -identity
 output : /DC=ch/DC=cern/OU=Organic Units/OU=Users/CN=jthomasw/CN=731584/CN=Joshuha Thomas-Wilsker

 error: 
 retcode : 0
DEBUG 2020-11-27 13:29:46.354 UTC: 	 Getting myproxy life time left for myproxy.cern.ch
DEBUG 2020-11-27 13:29:46.355 UTC: 	 using 83952765e3f460798b8fb57c97b4f2376dd410ac as credential login name
DEBUG 2020-11-27 13:29:46.559 UTC: 	 Executing : 
 command : myproxy-info -l 83952765e3f460798b8fb57c97b4f2376dd410ac -s myproxy.cern.ch
 output : username: 83952765e3f460798b8fb57c97b4f2376dd410ac
owner: /DC=ch/DC=cern/OU=Organic Units/OU=Users/CN=jthomasw/CN=731584/CN=Joshuha Thomas-Wilsker
  renewal policy: /DC=ch/DC=cern/OU=computers/CN=vocms0105.cern.ch|/DC=ch/DC=cern/OU=computers/CN=crab-(preprod|prod|dev)-tw(02|01).cern.ch|/DC=ch/DC=cern/OU=computers/CN=(ddi|ddidk|mytw).cern.ch|/DC=ch/DC=cern/OU=computers/CN=stefanov(m|m2).cern.ch
  trusted retrieval policy: /DC=ch/DC=cern/OU=computers/CN=vocms0105.cern.ch|/DC=ch/DC=cern/OU=computers/CN=crab-(preprod|prod|dev)-tw(02|01).cern.ch|/DC=ch/DC=cern/OU=computers/CN=(ddi|ddidk|mytw).cern.ch|/DC=ch/DC=cern/OU=computers/CN=stefanov(m|m2).cern.ch
  timeleft: 476:34:28  (19.9 days)

 error: 
 retcode : 0
DEBUG 2020-11-27 13:29:46.560 UTC: 	 Myproxy is valid: 1715668
DEBUG 2020-11-27 13:29:46.560 UTC: 	 Retrieving username ...
DEBUG 2020-11-27 13:29:46.560 UTC: 	 Retrieving username from CRIC...
DEBUG 2020-11-27 13:29:47.533 UTC: 	 username is jthomasw
DEBUG 2020-11-27 13:29:47.540 UTC: 	 Getting myproxy life time left for myproxy.cern.ch
DEBUG 2020-11-27 13:29:47.541 UTC: 	 using jthomasw_CRAB as credential login name
DEBUG 2020-11-27 13:29:47.744 UTC: 	 Executing : 
 command : myproxy-info -l jthomasw_CRAB -s myproxy.cern.ch
 output : username: jthomasw_CRAB
owner: /DC=ch/DC=cern/OU=Organic Units/OU=Users/CN=jthomasw/CN=731584/CN=Joshuha Thomas-Wilsker
  renewal policy: /DC=ch/DC=cern/OU=computers/CN=vocms0105.cern.ch|/DC=ch/DC=cern/OU=computers/CN=crab-(preprod|prod|dev)-tw(02|01).cern.ch|/DC=ch/DC=cern/OU=computers/CN=(ddi|ddidk|mytw).cern.ch|/DC=ch/DC=cern/OU=computers/CN=stefanov(m|m2).cern.ch
  trusted retrieval policy: /DC=ch/DC=cern/OU=computers/CN=vocms0105.cern.ch|/DC=ch/DC=cern/OU=computers/CN=crab-(preprod|prod|dev)-tw(02|01).cern.ch|/DC=ch/DC=cern/OU=computers/CN=(ddi|ddidk|mytw).cern.ch|/DC=ch/DC=cern/OU=computers/CN=stefanov(m|m2).cern.ch
  timeleft: 476:34:35  (19.9 days)

 error: 
 retcode : 0
DEBUG 2020-11-27 13:29:47.745 UTC: 	 Myproxy is valid: 1715675
DEBUG 2020-11-27 13:29:47.745 UTC: 	 Result of myproxy credential check:
  Credential exists on myproxy: username: 83952765e3f460798b8fb57c97b4f2376dd410ac  - validity: 19 days, 20:34:28
  Credential exists on myproxy: username: jthomasw_CRAB  - validity: 19 days, 20:34:35
ERROR 2020-11-27 13:29:47.746 UTC: 	 Error: Task name does not match the regular expression '^\d{6}_\d{6}_?([^\:]*)\:[a-zA-Z0-9-]+_(crab_)?.+'.
ERROR 2020-11-27 13:29:47.746 UTC: 	 Caught ClientException exception
Traceback (most recent call last):
  File "/cvmfs/cms.cern.ch/share/cms/crab-prod/v3.201110.00/bin/crab", line 165, in <module>
    client()
  File "/cvmfs/cms.cern.ch/share/cms/crab-prod/v3.201110.00/bin/crab", line 150, in __call__
    self.cmd = sub_cmd(self.logger, args[1:])
  File "/cvmfs/cms.cern.ch/share/cms/crab-prod/v3.201110.00/lib/CRABClient/Commands/SubCommand.py", line 368, in __init__
    self.validateOptions()
  File "/cvmfs/cms.cern.ch/share/cms/crab-prod/v3.201110.00/lib/CRABClient/Commands/remake.py", line 64, in validateOptions
    raise ConfigurationException(msg)
ConfigurationException: [91mError[0m: Task name does not match the regular expression '^\d{6}_\d{6}_?([^\:]*)\:[a-zA-Z0-9-]+_(crab_)?.+'.
INFO 2020-11-27 13:29:47.749 UTC: 	 Log file is /afs/cern.ch/work/j/jthomasw/private/IHEP/BTV/CMSSW/UL18/CMSSW_10_6_12/src/RecoBTag/PerformanceMeasurements/test/TTbarCalib/scripts/crab.log
DEBUG 2020-11-27 13:29:56.227 UTC: 	 CRAB Client version: v3.201110
DEBUG 2020-11-27 13:29:56.227 UTC: 	 Running on: Linux lxplus752.cern.ch 3.10.0-1160.2.2.el7.x86_64 #1 SMP Tue Oct 20 16:53:08 UTC 2020 x86_64 x86_64 x86_64 GNU/Linux - CentOS Linux 7 (Core)
DEBUG 2020-11-27 13:29:56.227 UTC: 	 Executing command: 'remake'
DEBUG 2020-11-27 13:29:56.228 UTC: 	 Found CRAB cache file /afs/cern.ch/user/j/jthomasw/.crab3
DEBUG 2020-11-27 13:29:56.235 UTC: 	 Checking credentials
DEBUG 2020-11-27 13:29:56.236 UTC: 	 Found proxy file /tmp/x509up_u28880
DEBUG 2020-11-27 13:29:56.236 UTC: 	 Getting proxy life time left
DEBUG 2020-11-27 13:29:56.841 UTC: 	 Executing : 
 command : voms-proxy-info -file /tmp/x509up_u28880 -timeleft
 output : 603850

 error: 
 retcode : 0
DEBUG 2020-11-27 13:29:57.447 UTC: 	 Executing : 
 command : voms-proxy-info -file /tmp/x509up_u28880 -actimeleft
 output : 603849

 error: 
 retcode : 0
DEBUG 2020-11-27 13:29:57.448 UTC: 	 Proxy lifetime 603850 secs is different from voms extension lifetime 603849 secs for proxy: /tmp/x509up_u28880
DEBUG 2020-11-27 13:29:57.448 UTC: 	 Proxy valid for 167:44:09 hours
DEBUG 2020-11-27 13:29:57.550 UTC: 	 Registering user credentials for server /DC=ch/DC=cern/OU=computers/CN=vocms0105.cern.ch|/DC=ch/DC=cern/OU=computers/CN=crab-(preprod|prod|dev)-tw(02|01).cern.ch|/DC=ch/DC=cern/OU=computers/CN=(ddi|ddidk|mytw).cern.ch|/DC=ch/DC=cern/OU=computers/CN=stefanov(m|m2).cern.ch
DEBUG 2020-11-27 13:29:58.161 UTC: 	 Executing : 
 command : voms-proxy-info -file /tmp/x509up_u28880 -identity
 output : /DC=ch/DC=cern/OU=Organic Units/OU=Users/CN=jthomasw/CN=731584/CN=Joshuha Thomas-Wilsker

 error: 
 retcode : 0
DEBUG 2020-11-27 13:29:58.169 UTC: 	 Getting myproxy life time left for myproxy.cern.ch
DEBUG 2020-11-27 13:29:58.169 UTC: 	 using 83952765e3f460798b8fb57c97b4f2376dd410ac as credential login name
DEBUG 2020-11-27 13:29:58.373 UTC: 	 Executing : 
 command : myproxy-info -l 83952765e3f460798b8fb57c97b4f2376dd410ac -s myproxy.cern.ch
 output : username: 83952765e3f460798b8fb57c97b4f2376dd410ac
owner: /DC=ch/DC=cern/OU=Organic Units/OU=Users/CN=jthomasw/CN=731584/CN=Joshuha Thomas-Wilsker
  renewal policy: /DC=ch/DC=cern/OU=computers/CN=vocms0105.cern.ch|/DC=ch/DC=cern/OU=computers/CN=crab-(preprod|prod|dev)-tw(02|01).cern.ch|/DC=ch/DC=cern/OU=computers/CN=(ddi|ddidk|mytw).cern.ch|/DC=ch/DC=cern/OU=computers/CN=stefanov(m|m2).cern.ch
  trusted retrieval policy: /DC=ch/DC=cern/OU=computers/CN=vocms0105.cern.ch|/DC=ch/DC=cern/OU=computers/CN=crab-(preprod|prod|dev)-tw(02|01).cern.ch|/DC=ch/DC=cern/OU=computers/CN=(ddi|ddidk|mytw).cern.ch|/DC=ch/DC=cern/OU=computers/CN=stefanov(m|m2).cern.ch
  timeleft: 476:34:16  (19.9 days)

 error: 
 retcode : 0
DEBUG 2020-11-27 13:29:58.374 UTC: 	 Myproxy is valid: 1715656
DEBUG 2020-11-27 13:29:58.374 UTC: 	 Retrieving username ...
DEBUG 2020-11-27 13:29:58.374 UTC: 	 Retrieving username from CRIC...
DEBUG 2020-11-27 13:29:59.487 UTC: 	 username is jthomasw
DEBUG 2020-11-27 13:29:59.494 UTC: 	 Getting myproxy life time left for myproxy.cern.ch
DEBUG 2020-11-27 13:29:59.494 UTC: 	 using jthomasw_CRAB as credential login name
DEBUG 2020-11-27 13:29:59.698 UTC: 	 Executing : 
 command : myproxy-info -l jthomasw_CRAB -s myproxy.cern.ch
 output : username: jthomasw_CRAB
owner: /DC=ch/DC=cern/OU=Organic Units/OU=Users/CN=jthomasw/CN=731584/CN=Joshuha Thomas-Wilsker
  renewal policy: /DC=ch/DC=cern/OU=computers/CN=vocms0105.cern.ch|/DC=ch/DC=cern/OU=computers/CN=crab-(preprod|prod|dev)-tw(02|01).cern.ch|/DC=ch/DC=cern/OU=computers/CN=(ddi|ddidk|mytw).cern.ch|/DC=ch/DC=cern/OU=computers/CN=stefanov(m|m2).cern.ch
  trusted retrieval policy: /DC=ch/DC=cern/OU=computers/CN=vocms0105.cern.ch|/DC=ch/DC=cern/OU=computers/CN=crab-(preprod|prod|dev)-tw(02|01).cern.ch|/DC=ch/DC=cern/OU=computers/CN=(ddi|ddidk|mytw).cern.ch|/DC=ch/DC=cern/OU=computers/CN=stefanov(m|m2).cern.ch
  timeleft: 476:34:23  (19.9 days)

 error: 
 retcode : 0
DEBUG 2020-11-27 13:29:59.698 UTC: 	 Myproxy is valid: 1715663
DEBUG 2020-11-27 13:29:59.699 UTC: 	 Result of myproxy credential check:
  Credential exists on myproxy: username: 83952765e3f460798b8fb57c97b4f2376dd410ac  - validity: 19 days, 20:34:16
  Credential exists on myproxy: username: jthomasw_CRAB  - validity: 19 days, 20:34:23
ERROR 2020-11-27 13:29:59.700 UTC: 	 Error: Task name does not match the regular expression '^\d{6}_\d{6}_?([^\:]*)\:[a-zA-Z0-9-]+_(crab_)?.+'.
ERROR 2020-11-27 13:29:59.700 UTC: 	 Caught ClientException exception
Traceback (most recent call last):
  File "/cvmfs/cms.cern.ch/share/cms/crab-prod/v3.201110.00/bin/crab", line 165, in <module>
    client()
  File "/cvmfs/cms.cern.ch/share/cms/crab-prod/v3.201110.00/bin/crab", line 150, in __call__
    self.cmd = sub_cmd(self.logger, args[1:])
  File "/cvmfs/cms.cern.ch/share/cms/crab-prod/v3.201110.00/lib/CRABClient/Commands/SubCommand.py", line 368, in __init__
    self.validateOptions()
  File "/cvmfs/cms.cern.ch/share/cms/crab-prod/v3.201110.00/lib/CRABClient/Commands/remake.py", line 64, in validateOptions
    raise ConfigurationException(msg)
ConfigurationException: [91mError[0m: Task name does not match the regular expression '^\d{6}_\d{6}_?([^\:]*)\:[a-zA-Z0-9-]+_(crab_)?.+'.
INFO 2020-11-27 13:29:59.703 UTC: 	 Log file is /afs/cern.ch/work/j/jthomasw/private/IHEP/BTV/CMSSW/UL18/CMSSW_10_6_12/src/RecoBTag/PerformanceMeasurements/test/TTbarCalib/scripts/crab.log
